<?xml version="1.0" encoding="UTF-8" ?>
<testsuite failures="0" time="30.481" errors="1" skipped="0" tests="1" name="com.mycompany.cxfTest.RouteTest">
  <properties>
    <property name="java.runtime.name" value="Java(TM) SE Runtime Environment"/>
    <property name="sun.boot.library.path" value="C:\Program Files (x86)\Java\jdk1.6.0_37\jre\bin"/>
    <property name="java.vm.version" value="20.12-b01"/>
    <property name="java.vm.vendor" value="Sun Microsystems Inc."/>
    <property name="java.vendor.url" value="http://java.sun.com/"/>
    <property name="path.separator" value=";"/>
    <property name="java.rmi.server.randomIDs" value="true"/>
    <property name="guice.disable.misplaced.annotation.check" value="true"/>
    <property name="java.vm.name" value="Java HotSpot(TM) Client VM"/>
    <property name="file.encoding.pkg" value="sun.io"/>
    <property name="user.country" value="GB"/>
    <property name="sun.java.launcher" value="SUN_STANDARD"/>
    <property name="sun.os.patch.level" value="Service Pack 1"/>
    <property name="java.vm.specification.name" value="Java Virtual Machine Specification"/>
    <property name="user.dir" value="C:\Fuse\Projects\FuseCXFPayloadTestPoC\cxfTest"/>
    <property name="java.runtime.version" value="1.6.0_37-b06"/>
    <property name="java.awt.graphicsenv" value="sun.awt.Win32GraphicsEnvironment"/>
    <property name="java.endorsed.dirs" value="C:\Program Files (x86)\Java\jdk1.6.0_37\jre\lib\endorsed"/>
    <property name="os.arch" value="x86"/>
    <property name="java.io.tmpdir" value="C:\Users\mmilas\AppData\Local\Temp\"/>
    <property name="line.separator" value="
"/>
    <property name="java.vm.specification.vendor" value="Sun Microsystems Inc."/>
    <property name="user.variant" value=""/>
    <property name="os.name" value="Windows 7"/>
    <property name="classworlds.conf" value="C:\Fuse\Projects\FuseCXFPayloadTestPoC\.metadata\.plugins\org.eclipse.m2e.core\launches\m2conf8830915543180535165.tmp"/>
    <property name="sun.jnu.encoding" value="Cp1252"/>
    <property name="java.library.path" value="C:\Program Files (x86)\Java\jdk1.6.0_37\bin;C:\Windows\Sun\Java\bin;C:\Windows\system32;C:\Windows;C:\Program Files\Common Files\Microsoft Shared\Windows Live;C:\Program Files (x86)\Common Files\Microsoft Shared\Windows Live;C:\Windows\system32;C:\Windows;C:\Windows\System32\Wbem;C:\Windows\System32\WindowsPowerShell\v1.0\;c:\Program Files (x86)\ATI Technologies\ATI.ACE\Core-Static;C:\Program Files (x86)\Windows Live\Shared;C:\Program Files (x86)\Common Files\Roxio Shared\DLLShared\;C:\Program Files (x86)\Common Files\Roxio Shared\OEM\DLLShared\;C:\Program Files (x86)\Common Files\Roxio Shared\OEM\DLLShared\;C:\Program Files (x86)\Common Files\Roxio Shared\OEM\12.0\DLLShared\;C:\Program Files (x86)\Roxio\OEM\AudioCore\;C:\Program Files (x86)\Microsoft SQL Server\100\Tools\Binn\;C:\Program Files\Microsoft SQL Server\100\Tools\Binn\;C:\Program Files\Microsoft SQL Server\100\DTS\Binn\;C:\Program Files (x86)\Microsoft SQL Server\100\Tools\Binn\VSShell\Common7\IDE\;C:\Program Files (x86)\Microsoft Visual Studio 9.0\Common7\IDE\PrivateAssemblies\;C:\Program Files (x86)\Microsoft SQL Server\100\DTS\Binn\;c:\Program Files (x86)\Microsoft ASP.NET\ASP.NET Web Pages\v1.0\;C:\Program Files\Microsoft Windows Performance Toolkit\;C:\Program Files (x86)\QuickTime\QTSystem\;C:\Program Files\Microsoft\Web Platform Installer\;C:\Program Files (x86)\Windows Kits\8.0\Windows Performance Toolkit\;C:\Program Files\Microsoft SQL Server\110\Tools\Binn\;C:\Program Files (x86)\Calibre2\;C:\Program Files\TortoiseSVN\bin;C:\Fuse\Programs\Maven\bin;C:\Program Files (x86)\Java\jdk1.6.0_37\bin;C:\Program Files\Microsoft Network Monitor 3\;C:\Program Files\SlikSvn\bin;."/>
    <property name="java.specification.name" value="Java Platform API Specification"/>
    <property name="java.class.version" value="50.0"/>
    <property name="sun.management.compiler" value="HotSpot Client Compiler"/>
    <property name="os.version" value="6.1"/>
    <property name="user.home" value="C:\Users\mmilas"/>
    <property name="user.timezone" value="Europe/London"/>
    <property name="java.awt.printerjob" value="sun.awt.windows.WPrinterJob"/>
    <property name="java.specification.version" value="1.6"/>
    <property name="file.encoding" value="Cp1252"/>
    <property name="user.name" value="milan.milas"/>
    <property name="java.class.path" value="/C:/Fuse/Programs/FuseIDE/7.1.0/configuration/org.eclipse.osgi/bundles/245/1/.cp/jars/plexus-classworlds-2.4.jar"/>
    <property name="java.vm.specification.version" value="1.0"/>
    <property name="sun.arch.data.model" value="32"/>
    <property name="java.home" value="C:\Program Files (x86)\Java\jdk1.6.0_37\jre"/>
    <property name="sun.java.command" value="org.codehaus.plexus.classworlds.launcher.Launcher -B test"/>
    <property name="java.specification.vendor" value="Sun Microsystems Inc."/>
    <property name="user.language" value="en"/>
    <property name="awt.toolkit" value="sun.awt.windows.WToolkit"/>
    <property name="java.vm.info" value="mixed mode, sharing"/>
    <property name="java.version" value="1.6.0_37"/>
    <property name="java.ext.dirs" value="C:\Program Files (x86)\Java\jdk1.6.0_37\jre\lib\ext;C:\Windows\Sun\Java\lib\ext"/>
    <property name="sun.boot.class.path" value="C:\Program Files (x86)\Java\jdk1.6.0_37\jre\lib\resources.jar;C:\Program Files (x86)\Java\jdk1.6.0_37\jre\lib\rt.jar;C:\Program Files (x86)\Java\jdk1.6.0_37\jre\lib\sunrsasign.jar;C:\Program Files (x86)\Java\jdk1.6.0_37\jre\lib\jsse.jar;C:\Program Files (x86)\Java\jdk1.6.0_37\jre\lib\jce.jar;C:\Program Files (x86)\Java\jdk1.6.0_37\jre\lib\charsets.jar;C:\Program Files (x86)\Java\jdk1.6.0_37\jre\lib\modules\jdk.boot.jar;C:\Program Files (x86)\Java\jdk1.6.0_37\jre\classes"/>
    <property name="java.vendor" value="Sun Microsystems Inc."/>
    <property name="maven.home" value="C:\Fuse\Projects\FuseCXFPayloadTestPoC\cxfTest\EMBEDDED"/>
    <property name="file.separator" value="\"/>
    <property name="java.vendor.url.bug" value="http://java.sun.com/cgi-bin/bugreport.cgi"/>
    <property name="sun.cpu.endian" value="little"/>
    <property name="sun.io.unicode.encoding" value="UnicodeLittle"/>
    <property name="sun.desktop" value="windows"/>
    <property name="sun.cpu.isalist" value="pentium_pro+mmx pentium_pro pentium+mmx pentium i486 i386 i86"/>
  </properties>
  <testcase time="30.481" classname="com.mycompany.cxfTest.RouteTest" name="testRoute">
    <error message="Gave up waiting for service (objectClass=org.apache.camel.CamelContext)" type="java.lang.RuntimeException">java.lang.RuntimeException: Gave up waiting for service (objectClass=org.apache.camel.CamelContext)
	at org.apache.camel.test.blueprint.CamelBlueprintHelper.getOsgiService(CamelBlueprintHelper.java:203)
	at org.apache.camel.test.blueprint.CamelBlueprintHelper.getOsgiService(CamelBlueprintHelper.java:165)
	at org.apache.camel.test.blueprint.CamelBlueprintTestSupport.createCamelContext(CamelBlueprintTestSupport.java:116)
	at org.apache.camel.test.junit4.CamelTestSupport.doSetUp(CamelTestSupport.java:247)
	at org.apache.camel.test.junit4.CamelTestSupport.setUp(CamelTestSupport.java:217)
	at org.apache.camel.test.blueprint.CamelBlueprintTestSupport.setUp(CamelBlueprintTestSupport.java:50)
	at sun.reflect.NativeMethodAccessorImpl.invoke0(Native Method)
	at sun.reflect.NativeMethodAccessorImpl.invoke(NativeMethodAccessorImpl.java:39)
	at sun.reflect.DelegatingMethodAccessorImpl.invoke(DelegatingMethodAccessorImpl.java:25)
	at java.lang.reflect.Method.invoke(Method.java:597)
	at org.junit.runners.model.FrameworkMethod$1.runReflectiveCall(FrameworkMethod.java:45)
	at org.junit.internal.runners.model.ReflectiveCallable.run(ReflectiveCallable.java:15)
	at org.junit.runners.model.FrameworkMethod.invokeExplosively(FrameworkMethod.java:42)
	at org.junit.internal.runners.statements.RunBefores.evaluate(RunBefores.java:27)
	at org.junit.internal.runners.statements.RunAfters.evaluate(RunAfters.java:30)
	at org.junit.rules.TestWatcher$1.evaluate(TestWatcher.java:47)
	at org.junit.rules.RunRules.evaluate(RunRules.java:18)
	at org.junit.runners.ParentRunner.runLeaf(ParentRunner.java:263)
	at org.junit.runners.BlockJUnit4ClassRunner.runChild(BlockJUnit4ClassRunner.java:68)
	at org.junit.runners.BlockJUnit4ClassRunner.runChild(BlockJUnit4ClassRunner.java:47)
	at org.junit.runners.ParentRunner$3.run(ParentRunner.java:231)
	at org.junit.runners.ParentRunner$1.schedule(ParentRunner.java:60)
	at org.junit.runners.ParentRunner.runChildren(ParentRunner.java:229)
	at org.junit.runners.ParentRunner.access$000(ParentRunner.java:50)
	at org.junit.runners.ParentRunner$2.evaluate(ParentRunner.java:222)
	at org.junit.internal.runners.statements.RunAfters.evaluate(RunAfters.java:30)
	at org.junit.runners.ParentRunner.run(ParentRunner.java:300)
	at org.apache.maven.surefire.junit4.JUnit4Provider.execute(JUnit4Provider.java:252)
	at org.apache.maven.surefire.junit4.JUnit4Provider.executeTestSet(JUnit4Provider.java:141)
	at org.apache.maven.surefire.junit4.JUnit4Provider.invoke(JUnit4Provider.java:112)
	at sun.reflect.NativeMethodAccessorImpl.invoke0(Native Method)
	at sun.reflect.NativeMethodAccessorImpl.invoke(NativeMethodAccessorImpl.java:39)
	at sun.reflect.DelegatingMethodAccessorImpl.invoke(DelegatingMethodAccessorImpl.java:25)
	at java.lang.reflect.Method.invoke(Method.java:597)
	at org.apache.maven.surefire.util.ReflectionUtils.invokeMethodWithArray(ReflectionUtils.java:189)
	at org.apache.maven.surefire.booter.ProviderFactory$ProviderProxy.invoke(ProviderFactory.java:165)
	at org.apache.maven.surefire.booter.ProviderFactory.invokeProvider(ProviderFactory.java:85)
	at org.apache.maven.surefire.booter.ForkedBooter.runSuitesInProcess(ForkedBooter.java:115)
	at org.apache.maven.surefire.booter.ForkedBooter.main(ForkedBooter.java:75)
</error>
    <system-out>[                          main] CamelBlueprintHelper           INFO  Using Blueprint XML file: /C:/Fuse/Projects/FuseCXFPayloadTestPoC/cxfTest/target/classes/OSGI-INF/blueprint/blueprint.xml
[                      Thread-0] RawBuilder                     INFO  Copy thread finished.
[                          main] Activator                      INFO  Camel activator starting
[                          main] Activator                      INFO  Camel activator started
[                          main] BlueprintExtender              INFO  No quiesce support is available, so blueprint components will not participate in quiesce operations
[         Blueprint Extender: 1] BlueprintContainerImpl         INFO  Bundle cxfTest is waiting for namespace handlers [http://aries.apache.org/blueprint/xmlns/blueprint-cm/v1.0.0, http://camel.apache.org/schema/blueprint/cxf, http://camel.apache.org/schema/blueprint]
[                          main] RouteTest                      INFO  ********************************************************************************
[                          main] RouteTest                      INFO  Testing: testRoute(com.mycompany.cxfTest.RouteTest)
[                          main] RouteTest                      INFO  ********************************************************************************
[         Blueprint Extender: 2] BeanRecipe                     WARN  Object to be destroyed is not an instance of UnwrapperedBeanHolder, type: null
[         Blueprint Extender: 2] BlueprintContainerImpl         ERROR Unable to start blueprint container for bundle org.apache.cxf.cxf-rt-transports-http
org.osgi.service.blueprint.container.ComponentDefinitionException: java.lang.IncompatibleClassChangeError: class org.apache.aries.proxy.impl.interfaces.InterfaceProxyGenerator has interface org.objectweb.asm.ClassVisitor as super class
	at org.apache.aries.blueprint.container.ReferenceRecipe.internalCreate(ReferenceRecipe.java:116)
	at org.apache.aries.blueprint.di.AbstractRecipe$1.call(AbstractRecipe.java:79)
	at java.util.concurrent.FutureTask$Sync.innerRun(FutureTask.java:303)
	at java.util.concurrent.FutureTask.run(FutureTask.java:138)
	at org.apache.aries.blueprint.di.AbstractRecipe.create(AbstractRecipe.java:88)
	at org.apache.aries.blueprint.container.BeanRecipe.setProperty(BeanRecipe.java:933)
	at org.apache.aries.blueprint.container.BeanRecipe.setProperties(BeanRecipe.java:907)
	at org.apache.aries.blueprint.container.BeanRecipe.setProperties(BeanRecipe.java:888)
	at org.apache.aries.blueprint.container.BeanRecipe.internalCreate2(BeanRecipe.java:820)
	at org.apache.aries.blueprint.container.BeanRecipe.internalCreate(BeanRecipe.java:787)
	at org.apache.aries.blueprint.di.AbstractRecipe$1.call(AbstractRecipe.java:79)
	at java.util.concurrent.FutureTask$Sync.innerRun(FutureTask.java:303)
	at java.util.concurrent.FutureTask.run(FutureTask.java:138)
	at org.apache.aries.blueprint.di.AbstractRecipe.create(AbstractRecipe.java:88)
	at org.apache.aries.blueprint.container.BlueprintRepository.createInstances(BlueprintRepository.java:245)
	at org.apache.aries.blueprint.container.BlueprintRepository.createInstance(BlueprintRepository.java:230)
	at org.apache.aries.blueprint.container.BlueprintRepository.create(BlueprintRepository.java:155)
	at org.apache.aries.blueprint.container.BlueprintContainerImpl.processProcessors(BlueprintContainerImpl.java:499)
	at org.apache.aries.blueprint.container.BlueprintContainerImpl.doRun(BlueprintContainerImpl.java:341)
	at org.apache.aries.blueprint.container.BlueprintContainerImpl.run(BlueprintContainerImpl.java:255)
	at org.apache.aries.blueprint.utils.threading.impl.DiscardableRunnable.run(DiscardableRunnable.java:48)
	at java.util.concurrent.Executors$RunnableAdapter.call(Executors.java:439)
	at java.util.concurrent.FutureTask$Sync.innerRun(FutureTask.java:303)
	at java.util.concurrent.FutureTask.run(FutureTask.java:138)
	at java.util.concurrent.ScheduledThreadPoolExecutor$ScheduledFutureTask.access$301(ScheduledThreadPoolExecutor.java:98)
	at java.util.concurrent.ScheduledThreadPoolExecutor$ScheduledFutureTask.run(ScheduledThreadPoolExecutor.java:206)
	at java.util.concurrent.ThreadPoolExecutor$Worker.runTask(ThreadPoolExecutor.java:886)
	at java.util.concurrent.ThreadPoolExecutor$Worker.run(ThreadPoolExecutor.java:908)
	at java.lang.Thread.run(Thread.java:662)
Caused by: java.lang.IncompatibleClassChangeError: class org.apache.aries.proxy.impl.interfaces.InterfaceProxyGenerator has interface org.objectweb.asm.ClassVisitor as super class
	at java.lang.ClassLoader.defineClass1(Native Method)
	at java.lang.ClassLoader.defineClassCond(ClassLoader.java:631)
	at java.lang.ClassLoader.defineClass(ClassLoader.java:615)
	at java.security.SecureClassLoader.defineClass(SecureClassLoader.java:141)
	at java.net.URLClassLoader.defineClass(URLClassLoader.java:283)
	at java.net.URLClassLoader.access$000(URLClassLoader.java:58)
	at java.net.URLClassLoader$1.run(URLClassLoader.java:197)
	at java.security.AccessController.doPrivileged(Native Method)
	at java.net.URLClassLoader.findClass(URLClassLoader.java:190)
	at java.lang.ClassLoader.loadClass(ClassLoader.java:306)
	at sun.misc.Launcher$AppClassLoader.loadClass(Launcher.java:301)
	at java.lang.ClassLoader.loadClass(ClassLoader.java:247)
	at org.apache.aries.proxy.impl.AsmProxyManager.createNewProxy(AsmProxyManager.java:72)
	at org.apache.aries.proxy.impl.AbstractProxyManager.createDelegatingInterceptingProxy(AbstractProxyManager.java:75)
	at org.apache.aries.proxy.impl.AbstractProxyManager.createDelegatingProxy(AbstractProxyManager.java:40)
	at org.apache.aries.blueprint.container.AbstractServiceReferenceRecipe.createProxy(AbstractServiceReferenceRecipe.java:300)
	at org.apache.aries.blueprint.container.ReferenceRecipe.internalCreate(ReferenceRecipe.java:100)
	... 28 more
[         Blueprint Extender: 3] BeanRecipe                     WARN  Object to be destroyed is not an instance of UnwrapperedBeanHolder, type: null
[         Blueprint Extender: 1] BeanRecipe                     WARN  Object to be destroyed is not an instance of UnwrapperedBeanHolder, type: null
[         Blueprint Extender: 3] BlueprintContainerImpl         ERROR Unable to start blueprint container for bundle cxfTest
org.osgi.service.blueprint.container.ComponentDefinitionException: java.lang.IncompatibleClassChangeError: org/apache/aries/proxy/impl/interfaces/InterfaceProxyGenerator
	at org.apache.aries.blueprint.container.ReferenceRecipe.internalCreate(ReferenceRecipe.java:116)
	at org.apache.aries.blueprint.di.AbstractRecipe$1.call(AbstractRecipe.java:79)
	at java.util.concurrent.FutureTask$Sync.innerRun(FutureTask.java:303)
	at java.util.concurrent.FutureTask.run(FutureTask.java:138)
	at org.apache.aries.blueprint.di.AbstractRecipe.create(AbstractRecipe.java:88)
	at org.apache.aries.blueprint.container.BeanRecipe.setProperty(BeanRecipe.java:933)
	at org.apache.aries.blueprint.container.BeanRecipe.setProperties(BeanRecipe.java:907)
	at org.apache.aries.blueprint.container.BeanRecipe.setProperties(BeanRecipe.java:888)
	at org.apache.aries.blueprint.container.BeanRecipe.internalCreate2(BeanRecipe.java:820)
	at org.apache.aries.blueprint.container.BeanRecipe.internalCreate(BeanRecipe.java:787)
	at org.apache.aries.blueprint.di.AbstractRecipe$1.call(AbstractRecipe.java:79)
	at java.util.concurrent.FutureTask$Sync.innerRun(FutureTask.java:303)
	at java.util.concurrent.FutureTask.run(FutureTask.java:138)
	at org.apache.aries.blueprint.di.AbstractRecipe.create(AbstractRecipe.java:88)
	at org.apache.aries.blueprint.container.BlueprintRepository.createInstances(BlueprintRepository.java:245)
	at org.apache.aries.blueprint.container.BlueprintRepository.createInstance(BlueprintRepository.java:230)
	at org.apache.aries.blueprint.container.BlueprintRepository.create(BlueprintRepository.java:155)
	at org.apache.aries.blueprint.container.BlueprintContainerImpl.processProcessors(BlueprintContainerImpl.java:499)
	at org.apache.aries.blueprint.container.BlueprintContainerImpl.doRun(BlueprintContainerImpl.java:341)
	at org.apache.aries.blueprint.container.BlueprintContainerImpl.run(BlueprintContainerImpl.java:255)
	at org.apache.aries.blueprint.utils.threading.impl.DiscardableRunnable.run(DiscardableRunnable.java:48)
	at java.util.concurrent.Executors$RunnableAdapter.call(Executors.java:439)
	at java.util.concurrent.FutureTask$Sync.innerRun(FutureTask.java:303)
	at java.util.concurrent.FutureTask.run(FutureTask.java:138)
	at java.util.concurrent.ScheduledThreadPoolExecutor$ScheduledFutureTask.access$301(ScheduledThreadPoolExecutor.java:98)
	at java.util.concurrent.ScheduledThreadPoolExecutor$ScheduledFutureTask.run(ScheduledThreadPoolExecutor.java:206)
	at java.util.concurrent.ThreadPoolExecutor$Worker.runTask(ThreadPoolExecutor.java:886)
	at java.util.concurrent.ThreadPoolExecutor$Worker.run(ThreadPoolExecutor.java:908)
	at java.lang.Thread.run(Thread.java:662)
Caused by: java.lang.IncompatibleClassChangeError: org/apache/aries/proxy/impl/interfaces/InterfaceProxyGenerator
	at org.apache.aries.proxy.impl.AsmProxyManager.createNewProxy(AsmProxyManager.java:72)
	at org.apache.aries.proxy.impl.AbstractProxyManager.createDelegatingInterceptingProxy(AbstractProxyManager.java:75)
	at org.apache.aries.proxy.impl.AbstractProxyManager.createDelegatingProxy(AbstractProxyManager.java:40)
	at org.apache.aries.blueprint.container.AbstractServiceReferenceRecipe.createProxy(AbstractServiceReferenceRecipe.java:300)
	at org.apache.aries.blueprint.container.ReferenceRecipe.internalCreate(ReferenceRecipe.java:100)
	... 28 more
[         Blueprint Extender: 1] BlueprintContainerImpl         ERROR Unable to start blueprint container for bundle RouteTest
org.osgi.service.blueprint.container.ComponentDefinitionException: java.lang.IncompatibleClassChangeError: org/apache/aries/proxy/impl/interfaces/InterfaceProxyGenerator
	at org.apache.aries.blueprint.container.ReferenceRecipe.internalCreate(ReferenceRecipe.java:116)
	at org.apache.aries.blueprint.di.AbstractRecipe$1.call(AbstractRecipe.java:79)
	at java.util.concurrent.FutureTask$Sync.innerRun(FutureTask.java:303)
	at java.util.concurrent.FutureTask.run(FutureTask.java:138)
	at org.apache.aries.blueprint.di.AbstractRecipe.create(AbstractRecipe.java:88)
	at org.apache.aries.blueprint.container.BeanRecipe.setProperty(BeanRecipe.java:933)
	at org.apache.aries.blueprint.container.BeanRecipe.setProperties(BeanRecipe.java:907)
	at org.apache.aries.blueprint.container.BeanRecipe.setProperties(BeanRecipe.java:888)
	at org.apache.aries.blueprint.container.BeanRecipe.internalCreate2(BeanRecipe.java:820)
	at org.apache.aries.blueprint.container.BeanRecipe.internalCreate(BeanRecipe.java:787)
	at org.apache.aries.blueprint.di.AbstractRecipe$1.call(AbstractRecipe.java:79)
	at java.util.concurrent.FutureTask$Sync.innerRun(FutureTask.java:303)
	at java.util.concurrent.FutureTask.run(FutureTask.java:138)
	at org.apache.aries.blueprint.di.AbstractRecipe.create(AbstractRecipe.java:88)
	at org.apache.aries.blueprint.container.BlueprintRepository.createInstances(BlueprintRepository.java:245)
	at org.apache.aries.blueprint.container.BlueprintRepository.createInstance(BlueprintRepository.java:230)
	at org.apache.aries.blueprint.container.BlueprintRepository.create(BlueprintRepository.java:155)
	at org.apache.aries.blueprint.container.BlueprintContainerImpl.processProcessors(BlueprintContainerImpl.java:499)
	at org.apache.aries.blueprint.container.BlueprintContainerImpl.doRun(BlueprintContainerImpl.java:341)
	at org.apache.aries.blueprint.container.BlueprintContainerImpl.run(BlueprintContainerImpl.java:255)
	at org.apache.aries.blueprint.utils.threading.impl.DiscardableRunnable.run(DiscardableRunnable.java:48)
	at java.util.concurrent.Executors$RunnableAdapter.call(Executors.java:439)
	at java.util.concurrent.FutureTask$Sync.innerRun(FutureTask.java:303)
	at java.util.concurrent.FutureTask.run(FutureTask.java:138)
	at java.util.concurrent.ScheduledThreadPoolExecutor$ScheduledFutureTask.access$301(ScheduledThreadPoolExecutor.java:98)
	at java.util.concurrent.ScheduledThreadPoolExecutor$ScheduledFutureTask.run(ScheduledThreadPoolExecutor.java:206)
	at java.util.concurrent.ThreadPoolExecutor$Worker.runTask(ThreadPoolExecutor.java:886)
	at java.util.concurrent.ThreadPoolExecutor$Worker.run(ThreadPoolExecutor.java:908)
	at java.lang.Thread.run(Thread.java:662)
Caused by: java.lang.IncompatibleClassChangeError: org/apache/aries/proxy/impl/interfaces/InterfaceProxyGenerator
	at org.apache.aries.proxy.impl.AsmProxyManager.createNewProxy(AsmProxyManager.java:72)
	at org.apache.aries.proxy.impl.AbstractProxyManager.createDelegatingInterceptingProxy(AbstractProxyManager.java:75)
	at org.apache.aries.proxy.impl.AbstractProxyManager.createDelegatingProxy(AbstractProxyManager.java:40)
	at org.apache.aries.blueprint.container.AbstractServiceReferenceRecipe.createProxy(AbstractServiceReferenceRecipe.java:300)
	at org.apache.aries.blueprint.container.ReferenceRecipe.internalCreate(ReferenceRecipe.java:100)
	... 28 more
[                          main] RouteTest                      INFO  ********************************************************************************
[                          main] RouteTest                      INFO  Testing done: testRoute(com.mycompany.cxfTest.RouteTest)
[                          main] RouteTest                      INFO  Took: 30.462 seconds (30462 millis)
[                          main] RouteTest                      INFO  ********************************************************************************
[         Blueprint Extender: 1] BlueprintContainerImpl         INFO  Bundle cxfTest is waiting for namespace handlers [http://camel.apache.org/schema/blueprint/cxf]
[         Blueprint Extender: 3] BlueprintContainerImpl         INFO  Bundle cxfTest is waiting for namespace handlers [http://aries.apache.org/blueprint/xmlns/blueprint-cm/v1.0.0, http://camel.apache.org/schema/blueprint/cxf]
[                          main] Activator                      INFO  Camel activator stopping
[                          main] Activator                      INFO  Camel activator stopped
[                          main] CamelBlueprintHelper           INFO  Deleting work directory target/bundles/1364208734014
</system-out>
    <system-err>25-Mar-2013 10:52:14 org.apache.cxf.bus.osgi.CXFExtensionBundleListener addExtensions
INFO: Adding the extensions from bundle org.apache.camel.camel-cxf-transport (34) [org.apache.camel.component.cxf.transport.CamelTransportFactory]
25-Mar-2013 10:52:14 org.apache.cxf.bus.osgi.CXFExtensionBundleListener addExtensions
INFO: Adding the extensions from bundle org.apache.cxf.cxf-rt-bindings-xml (37) [org.apache.cxf.binding.xml.XMLBindingFactory, org.apache.cxf.binding.xml.wsdl11.XMLWSDLExtensionLoader]
25-Mar-2013 10:52:14 org.apache.cxf.bus.osgi.CXFExtensionBundleListener addExtensions
INFO: Adding the extensions from bundle org.apache.cxf.cxf-rt-frontend-jaxws (38) [org.apache.cxf.jaxws.context.WebServiceContextResourceResolver]
25-Mar-2013 10:52:14 org.apache.cxf.bus.osgi.CXFExtensionBundleListener addExtensions
INFO: Adding the extensions from bundle org.apache.cxf.cxf-rt-transports-http (46) [org.apache.cxf.transport.http.HTTPTransportFactory, org.apache.cxf.transport.http.HTTPWSDLExtensionLoader, org.apache.cxf.transport.http.policy.HTTPClientAssertionBuilder, org.apache.cxf.transport.http.policy.HTTPServerAssertionBuilder, org.apache.cxf.transport.http.policy.NoOpPolicyInterceptorProvider]
Test bundle headers: Bundle-ManifestVersion=2, Bundle-Name=System Bundle, Bundle-SymbolicName=de.kalpatec.pojosr.framework, Bundle-Vendor=kalpatec, Bundle-Version=0.2.1
ServiceReference: [org.apache.camel.spi.LanguageResolver], bundle: org.apache.camel.camel-spring [31], symbolicName: org.apache.camel.camel-spring
ServiceReference: [org.apache.camel.spi.LanguageResolver], bundle: org.apache.camel.camel-core [2], symbolicName: org.apache.camel.camel-core
ServiceReference: [org.apache.aries.blueprint.NamespaceHandler], bundle: org.apache.aries.blueprint [5], symbolicName: org.apache.aries.blueprint
ServiceReference: [org.osgi.service.cm.ManagedServiceFactory], bundle: org.apache.cxf.cxf-rt-transports-http [46], symbolicName: org.apache.cxf.cxf-rt-transports-http
ServiceReference: [org.osgi.service.blueprint.container.BlueprintContainer], bundle: org.apache.aries.blueprint [5], symbolicName: org.apache.aries.blueprint
ServiceReference: [org.apache.camel.spi.TypeConverterLoader], bundle: org.apache.camel.camel-cxf [30], symbolicName: org.apache.camel.camel-cxf
ServiceReference: [org.apache.aries.blueprint.NamespaceHandler], bundle: org.apache.camel.camel-cxf [30], symbolicName: org.apache.camel.camel-cxf
ServiceReference: [org.apache.aries.blueprint.services.ParserService], bundle: org.apache.aries.blueprint [5], symbolicName: org.apache.aries.blueprint
ServiceReference: [org.apache.camel.spi.TypeConverterLoader], bundle: de.kalpatec.pojosr.framework [0], symbolicName: de.kalpatec.pojosr.framework
ServiceReference: [org.apache.camel.spi.ComponentResolver], bundle: org.apache.camel.camel-core [2], symbolicName: org.apache.camel.camel-core
ServiceReference: [org.apache.aries.proxy.ProxyManager], bundle: org.apache.aries.proxy.impl [13], symbolicName: org.apache.aries.proxy.impl
ServiceReference: [org.osgi.service.cm.ManagedServiceFactory], bundle: org.apache.cxf.cxf-rt-core [47], symbolicName: org.apache.cxf.cxf-rt-core
ServiceReference: [org.osgi.service.blueprint.container.BlueprintContainer], bundle: org.apache.cxf.cxf-rt-frontend-jaxws [38], symbolicName: org.apache.cxf.cxf-rt-frontend-jaxws
ServiceReference: [org.apache.aries.blueprint.NamespaceHandler], bundle: org.apache.camel.camel-blueprint [3], symbolicName: org.apache.camel.camel-blueprint
ServiceReference: [org.apache.aries.blueprint.NamespaceHandler], bundle: org.apache.cxf.cxf-rt-frontend-simple [39], symbolicName: org.apache.cxf.cxf-rt-frontend-simple
ServiceReference: [org.apache.aries.blueprint.NamespaceHandler], bundle: org.apache.aries.blueprint [5], symbolicName: org.apache.aries.blueprint
ServiceReference: [org.osgi.service.blueprint.container.BlueprintContainer], bundle: org.apache.cxf.cxf-rt-frontend-jaxrs [35], symbolicName: org.apache.cxf.cxf-rt-frontend-jaxrs
ServiceReference: [org.osgi.service.blueprint.container.BlueprintContainer], bundle: org.apache.cxf.cxf-rt-core [47], symbolicName: org.apache.cxf.cxf-rt-core
ServiceReference: [org.osgi.framework.hooks.bundle.EventHook], bundle: org.apache.aries.blueprint [5], symbolicName: org.apache.aries.blueprint
ServiceReference: [org.apache.felix.cm.PersistenceManager], bundle: org.apache.felix.configadmin [22], symbolicName: org.apache.felix.configadmin
ServiceReference: [org.apache.camel.spi.TypeConverterLoader], bundle: org.apache.camel.camel-core [2], symbolicName: org.apache.camel.camel-core
ServiceReference: [org.apache.camel.spi.ComponentResolver], bundle: org.apache.camel.camel-cxf [30], symbolicName: org.apache.camel.camel-cxf
ServiceReference: [org.osgi.service.cm.ConfigurationAdmin], bundle: org.apache.felix.configadmin [22], symbolicName: org.apache.felix.configadmin
ServiceReference: [org.osgi.service.blueprint.container.BlueprintContainer], bundle: org.apache.camel.camel-cxf [30], symbolicName: org.apache.camel.camel-cxf
ServiceReference: [org.osgi.service.blueprint.container.BlueprintContainer], bundle: org.apache.cxf.cxf-rt-frontend-simple [39], symbolicName: org.apache.cxf.cxf-rt-frontend-simple
ServiceReference: [org.osgi.service.blueprint.container.BlueprintContainer], bundle: org.apache.camel.camel-blueprint [3], symbolicName: org.apache.camel.camel-blueprint
ServiceReference: [org.osgi.service.startlevel.StartLevel], bundle: de.kalpatec.pojosr.framework [0], symbolicName: de.kalpatec.pojosr.framework
ServiceReference: [org.apache.aries.blueprint.NamespaceHandler], bundle: org.apache.cxf.cxf-rt-core [47], symbolicName: org.apache.cxf.cxf-rt-core
ServiceReference: [org.apache.camel.spi.ComponentResolver], bundle: org.apache.camel.camel-spring [31], symbolicName: org.apache.camel.camel-spring
ServiceReference: [org.apache.aries.blueprint.NamespaceHandler], bundle: org.apache.cxf.cxf-rt-frontend-jaxrs [35], symbolicName: org.apache.cxf.cxf-rt-frontend-jaxrs
ServiceReference: [org.osgi.framework.hooks.weaving.WeavingHook], bundle: org.apache.aries.proxy.impl [13], symbolicName: org.apache.aries.proxy.impl
ServiceReference: [org.osgi.service.cm.ManagedService], bundle: org.apache.cxf.cxf-rt-core [47], symbolicName: org.apache.cxf.cxf-rt-core
ServiceReference: [org.osgi.service.packageadmin.PackageAdmin], bundle: de.kalpatec.pojosr.framework [0], symbolicName: de.kalpatec.pojosr.framework
ServiceReference: [org.apache.aries.blueprint.NamespaceHandler], bundle: org.apache.cxf.cxf-rt-frontend-jaxws [38], symbolicName: org.apache.cxf.cxf-rt-frontend-jaxws
ServiceReference: [org.apache.cxf.transport.http.HTTPConduitConfigurer], bundle: org.apache.cxf.cxf-rt-transports-http [46], symbolicName: org.apache.cxf.cxf-rt-transports-http
25-Mar-2013 10:52:44 org.apache.cxf.bus.osgi.CXFExtensionBundleListener unregister
INFO: Removing the extensions for bundle 34
25-Mar-2013 10:52:44 org.apache.cxf.bus.osgi.CXFExtensionBundleListener unregister
INFO: Removing the extensions for bundle 46
25-Mar-2013 10:52:44 org.apache.cxf.bus.osgi.CXFExtensionBundleListener unregister
INFO: Removing the extensions for bundle 38
25-Mar-2013 10:52:44 org.apache.cxf.bus.osgi.CXFExtensionBundleListener unregister
INFO: Removing the extensions for bundle 37
</system-err>
  </testcase>
</testsuite>